2025-04-25 16:48:43,333  INFO  ARGS = {
  "notes": "回测300股指自回归",
  "data_path": "database/processed_大豆_day.csv",
  "output_dir": "out_put/baseframe",
  "ckpt_dir": "ckpt",
  "feature_columns": [
    4
  ],
  "target_columns": [
    [
      4
    ]
  ],
  "start_timestamp": 31,
  "end_timestamp": -1,
  "window_sizes": [
    15
  ],
  "predict_step": 1,
  "action": true,
  "N_pairs": 1,
  "num_classes": 3,
  "generators": [
    "transformer"
  ],
  "discriminators": null,
  "distill_epochs": 0,
  "cross_finetune_epochs": 0,
  "device": [
    0
  ],
  "num_epochs": 1024,
  "lr": 2e-05,
  "batch_size": 64,
  "train_split": 0.7,
  "random_seed": 3407,
  "amp_dtype": "none",
  "mode": "train",
  "ckpt_path": "lastest"
}
2025-04-25 16:48:58,459  INFO  Train Metrics for G1: MSE=237844.8473, MAE=425.4700, RMSE=487.6934, MAPE=9.7291
2025-04-25 16:48:59,014  INFO  Test Metrics for G1: MSE=1122938.2253, MAE=989.6379, RMSE=1059.6878, MAPE=17.9986
