2025-04-23 15:20:00,321  INFO  ARGS = {
  "notes": "回测300股指自回归",
  "data_path": "database/post_embeddings.csv",
  "output_dir": "out_put/baseframe",
  "ckpt_dir": "ckpt",
  "feature_columns": [
    4
  ],
  "target_columns": [
    [
      4
    ]
  ],
  "start_timestamp": 31,
  "end_timestamp": -1,
  "window_sizes": [
    15
  ],
  "N_pairs": 1,
  "num_classes": 3,
  "generators": [
    "transformer"
  ],
  "discriminators": null,
  "distill_epochs": 0,
  "cross_finetune_epochs": 0,
  "device": [
    0
  ],
  "num_epochs": 1024,
  "lr": 2e-05,
  "batch_size": 64,
  "train_split": 0.7,
  "random_seed": 3407,
  "amp_dtype": "none",
  "mode": "train",
  "ckpt_path": "lastest"
}
2025-04-23 15:20:08,941  INFO  Train Metrics for G1: MSE=360304.0939, MAE=420.7307, RMSE=600.2534, MAPE=1.5522
2025-04-23 15:20:09,490  INFO  Test Metrics for G1: MSE=2830341.9430, MAE=1210.7855, RMSE=1682.3620, MAPE=3.0727
