2025-04-25 11:01:48,040  INFO  ARGS = {
  "notes": "回测300股指自回归",
  "data_path": "database/processed_大豆_day.csv",
  "output_dir": "out_put/baseframe",
  "ckpt_dir": "ckpt",
  "feature_columns": [
    4
  ],
  "target_columns": [
    [
      4
    ]
  ],
  "start_timestamp": 31,
  "end_timestamp": -1,
  "window_sizes": [
    15
  ],
  "predict_step": 5,
  "action": true,
  "N_pairs": 1,
  "num_classes": 3,
  "generators": [
    "transformer"
  ],
  "discriminators": null,
  "distill_epochs": 0,
  "cross_finetune_epochs": 0,
  "device": [
    0
  ],
  "num_epochs": 1024,
  "lr": 2e-05,
  "batch_size": 64,
  "train_split": 0.7,
  "random_seed": 3407,
  "amp_dtype": "none",
  "mode": "train",
  "ckpt_path": "lastest"
}
2025-04-25 11:02:03,427  INFO  Train Metrics for G1: MSE=11948.4027, MAE=83.9085, RMSE=109.3087, MAPE=2.0236
2025-04-25 11:02:04,036  INFO  Test Metrics for G1: MSE=42411.7282, MAE=157.9844, RMSE=205.9411, MAPE=2.8345
