2025-04-25 11:02:48,237  INFO  ARGS = {
  "notes": "回测300股指自回归",
  "data_path": "database/processed_大豆_day.csv",
  "output_dir": "out_put/baseframe",
  "ckpt_dir": "ckpt",
  "feature_columns": [
    4
  ],
  "target_columns": [
    [
      4
    ]
  ],
  "start_timestamp": 31,
  "end_timestamp": -1,
  "window_sizes": [
    15
  ],
  "predict_step": 5,
  "action": true,
  "N_pairs": 1,
  "num_classes": 3,
  "generators": [
    "transformer"
  ],
  "discriminators": null,
  "distill_epochs": 0,
  "cross_finetune_epochs": 0,
  "device": [
    0
  ],
  "num_epochs": 1024,
  "lr": 2e-05,
  "batch_size": 64,
  "train_split": 0.7,
  "random_seed": 3407,
  "amp_dtype": "none",
  "mode": "train",
  "ckpt_path": "lastest"
}
2025-04-25 11:03:01,477  INFO  Train Metrics for G1: MSE=20775.6554, MAE=120.5983, RMSE=144.1376, MAPE=2.9413
2025-04-25 11:03:02,080  INFO  Test Metrics for G1: MSE=37319.1282, MAE=156.4738, RMSE=193.1816, MAPE=2.9213
